<?xml version="1.0" encoding="UTF-8"?>
<!-- Generated by org.testng.reporters.JUnitXMLReporter -->
<testsuite ignored="0" hostname="HP" failures="0" tests="1" name="Test(failed)" time="0.065" errors="0" timestamp="2022-12-18T11:05:15 IST">
  <testcase classname="testBase.BaseClass" name="@BeforeClass setup" time="-1.671341715706E9">
    <failure type="org.testng.TestNGException" message="
Parameter &amp;apos;browesr&amp;apos; is required by BeforeClass on method setup but has not been marked @Optional or defined
in C:\Users\udhan\eclipse-workspace\openkartProject\test-output\testng-failed.xml">
      <![CDATA[org.testng.TestNGException: 
Parameter 'browesr' is required by BeforeClass on method setup but has not been marked @Optional or defined
in C:\Users\udhan\eclipse-workspace\openkartProject\test-output\testng-failed.xml
at java.base/java.util.ArrayList.forEach(ArrayList.java:1511)
... Removed 22 stack frames]]>
    </failure>
  </testcase> <!-- @BeforeClass setup -->
  <testcase classname="testCases.Test_Registration_Functionality" name="testReggFunction" time="0.001">
    <skipped/>
  </testcase> <!-- testReggFunction -->
</testsuite> <!-- Test(failed) -->
